[INFO ]2024-03-26 12:33:41.387 [main]RestUtils-***User sends request with BaseURL***
[INFO ]2024-03-26 12:33:43.530 [main]RestUtils-********captured access token 2eab40fee604ac7b1bb99745851672f298e199c8fa27e4abee6551931e02960e
[INFO ]2024-03-26 12:33:43.531 [main]RestUtils-***Client posted request with valid email and password***
[INFO ]2024-03-26 12:33:43.552 [main]RestUtils-Client registered successfully 201
[INFO ]2024-03-26 12:33:43.552 [main]RestUtils-Client registered successfully {"accessToken":"2eab40fee604ac7b1bb99745851672f298e199c8fa27e4abee6551931e02960e"}
[INFO ]2024-03-26 13:53:01.570 [main]RestUtils-***User sends request with BaseURL***
[INFO ]2024-03-26 14:13:59.970 [main]RestUtils-***User sends request with BaseURL***
[INFO ]2024-03-26 14:15:46.366 [main]RestUtils-***User sends request with BaseURL***
[INFO ]2024-03-26 14:41:18.977 [main]RestUtils-***User sends request with BaseURL***
[INFO ]2024-03-26 14:41:58.202 [main]RestUtils-***User sends request with BaseURL***
[INFO ]2024-03-26 14:43:28.676 [main]RestUtils-***User sends request with BaseURL***
[INFO ]2024-03-26 14:45:24.490 [main]RestUtils-***User sends request with BaseURL***
[INFO ]2024-03-26 14:51:21.341 [main]RestUtils-***User sends request with BaseURL***
[INFO ]2024-03-26 14:54:32.538 [main]RestUtils-***User sends request with BaseURL***
[INFO ]2024-03-26 15:02:52.684 [main]RestUtils-***User sends request with BaseURL***
[INFO ]2024-03-26 15:02:55.962 [main]RestUtils-********captured access token 239f23035fd374db9e2b60d3caa130e7eaeeb5c92ca76b1bdbe89b5f793305aa
[INFO ]2024-03-26 15:02:55.963 [main]RestUtils-***Client posted request with valid email and password***
[INFO ]2024-03-26 15:02:55.984 [main]RestUtils-Client registered successfully 201
[INFO ]2024-03-26 15:02:55.984 [main]RestUtils-Client registered successfully {"accessToken":"239f23035fd374db9e2b60d3caa130e7eaeeb5c92ca76b1bdbe89b5f793305aa"}
[INFO ]2024-03-26 20:53:25.350 [main]RestUtils-***User sends request with BaseURL***
[INFO ]2024-03-26 20:53:27.523 [main]RestUtils-********captured access token null
[INFO ]2024-03-26 20:53:27.524 [main]RestUtils-***Client posted request with valid email and password***
[INFO ]2024-03-26 22:12:15.692 [main]RestUtils-***User sends request with BaseURL***
[INFO ]2024-03-26 22:12:18.371 [main]RestUtils-********captured access token null
[INFO ]2024-03-26 22:12:18.371 [main]RestUtils-***Client posted request with valid email and password***
[INFO ]2024-03-26 22:14:18.905 [main]RestUtils-***User sends request with BaseURL***
[INFO ]2024-03-26 22:14:22.057 [main]RestUtils-********captured access token c9fb34a3b131a36f8acd17743af446c61ea40897aebea19f7bcad22090fa7494
[INFO ]2024-03-26 22:14:22.058 [main]RestUtils-***Client posted request with valid email and password***
[INFO ]2024-03-26 22:14:22.101 [main]RestUtils-Client registered successfully 201
[INFO ]2024-03-26 22:14:22.102 [main]RestUtils-Client registered successfully {"accessToken":"c9fb34a3b131a36f8acd17743af446c61ea40897aebea19f7bcad22090fa7494"}
[INFO ]2024-03-27 10:08:15.679 [main]RestUtils-***User sends request with BaseURL***
[INFO ]2024-03-27 10:08:20.768 [main]RestUtils-********captured access token null
[INFO ]2024-03-27 10:08:20.768 [main]RestUtils-***Client posted request with valid email and password***
[INFO ]2024-03-27 10:13:16.183 [main]RestUtils-***User sends request with BaseURL***
[INFO ]2024-03-27 10:13:19.336 [main]RestUtils-********captured access token null
[INFO ]2024-03-27 10:13:19.336 [main]RestUtils-***Client posted request with valid email and password***
[INFO ]2024-03-27 10:18:02.375 [main]RestUtils-***User sends request with BaseURL***
[INFO ]2024-03-27 10:18:06.642 [main]RestUtils-********captured access token null
[INFO ]2024-03-27 10:18:06.642 [main]RestUtils-***Client posted request with valid email and password***
[INFO ]2024-03-27 10:21:08.195 [main]RestUtils-***User sends request with BaseURL***
[INFO ]2024-03-27 10:21:11.386 [main]RestUtils-********captured access token null
[INFO ]2024-03-27 10:21:11.387 [main]RestUtils-***Client posted request with valid email and password***
[INFO ]2024-03-27 10:26:17.270 [main]RestUtils-***User sends request with BaseURL***
[INFO ]2024-03-27 10:26:20.570 [main]RestUtils-********captured access token null
[INFO ]2024-03-27 10:26:20.572 [main]RestUtils-***Client posted request with valid email and password***
[INFO ]2024-03-27 10:36:48.359 [main]RestUtils-***User sends request with BaseURL***
[INFO ]2024-03-27 10:36:51.608 [main]RestUtils-********captured access token null
[INFO ]2024-03-27 10:36:51.609 [main]RestUtils-***Client posted request with valid email and password***
[INFO ]2024-03-27 10:41:50.895 [main]RestUtils-***User sends request with BaseURL***
[INFO ]2024-03-27 10:41:54.154 [main]RestUtils-********captured access token null
[INFO ]2024-03-27 10:41:54.155 [main]RestUtils-***Client posted request with valid email and password***
